<?xml version="1.0" encoding="UTF-8"?>
<testsuites name="TS02 - DM4MILL - GR" time="69.152" tests="1" failures="0" errors="0">
   <testsuite name="TS02 - DM4MILL - GR" tests="1" failures="0" errors="0" time="69.152" skipped="0" timestamp="13-03-2025T11:16:24" hostname="hostej - DCI5CG4401B3V.gsinet.be" id="Test Suites/TS02 - DM4MILL - GR">
      <properties>
         <property name="deviceName" value=""/>
         <property name="devicePlatform"/>
         <property name="logFolder" value="C:\\Users\\hostej\\OneDrive - delaware\\Documents\\GitHub\\DM4MILL\\Reports\\20250313_111618\\TS02 - DM4MILL - GR\\20250313_111619"/>
         <property name="logFiles" value="C:\\Users\\hostej\\OneDrive - delaware\\Documents\\GitHub\\DM4MILL\\Reports\\20250313_111618\\TS02 - DM4MILL - GR\\20250313_111619\\execution0.log"/>
         <property name="attachments" value=""/>
         <property name="hostName" value="hostej - DCI5CG4401B3V.gsinet.be"/>
         <property name="os" value="Windows 11 64bit"/>
         <property name="katalonVersion" value="10.1.0.223"/>
         <property name="browser" value="Chrome 134.0.6998.88"/>
         <property name="hostAddress" value="192.168.129.68"/>
         <property name="sessionId" value="0cddc7b75fe94b64d3251ee79a9250a1"/>
         <property name="seleniumVersion" value="4.22.0"/>
         <property name="proxyInformation" value="ProxyInformation { proxyOption=NO_PROXY, proxyServerType=HTTP, username=, password=********, proxyServerAddress=, proxyServerPort=0, executionList=&quot;&quot;, isApplyToDesiredCapabilities=true }"/>
         <property name="platform" value="Windows 11"/>
      </properties>
      <testcase name="Test Cases/DM4MILL - Goods Receipts" time="68.951" classname="Test Cases/DM4MILL - Goods Receipts" status="PASSED">
         <properties>
            <property name="data_binding"><![CDATA[{"(Default) usern...":"julie.hoste@delaware.pro","(Default) quant...":"1","(Default) passw...":"cpQSwhp1!0109","(Default) order...":"1003344"}]]></property>
         </properties>
         <system-out><![CDATA[13-03-2025T11:16:25 - [TEST_CASE][PASSED] - Test Cases/DM4MILL - Goods Receipts: Test Cases/DM4MILL - Goods Receipts

13-03-2025T11:16:25 - [TEST_STEP][PASSED] - openBrowser("https://dlwr-dmc-discovery.execution.us10-quality.web.dmc.cloud.sap/cp.portal/site#Shell-home"): Browser is opened with url: 'https://dlwr-dmc-discovery.execution.us10-quality.web.dmc.cloud.sap/cp.portal/site#Shell-home'

13-03-2025T11:16:26 - [MESSAGE][INFO] - Starting 'Chrome' driver

13-03-2025T11:16:26 - [MESSAGE][INFO] - Action delay is set to 0 milliseconds

13-03-2025T11:16:29 - [MESSAGE][PASSED] - Browser is opened with url: 'https://dlwr-dmc-discovery.execution.us10-quality.web.dmc.cloud.sap/cp.portal/site#Shell-home'

13-03-2025T11:16:29 - [TEST_STEP][PASSED] - maximizeWindow(): Current window maximized

13-03-2025T11:16:29 - [MESSAGE][PASSED] - Current window maximized

13-03-2025T11:16:29 - [TEST_STEP][PASSED] - enhancedClick(findTestObject("Object Repository/Page_Login/a_Default Identity Provider")): Object: 'Object Repository/Page_Login/a_Default Identity Provider' is clicked on

13-03-2025T11:16:31 - [MESSAGE][PASSED] - Object: 'Object Repository/Page_Login/a_Default Identity Provider' is clicked on

13-03-2025T11:16:31 - [TEST_STEP][PASSED] - setText(findTestObject("Object Repository/Page_Sign In/input_Email or User Name_j_username"), username): Text 'julie.hoste@delaware.pro' is set on object 'Object Repository/Page_Sign In/input_Email or User Name_j_username'

13-03-2025T11:16:31 - [MESSAGE][PASSED] - Text 'julie.hoste@delaware.pro' is set on object 'Object Repository/Page_Sign In/input_Email or User Name_j_username'

13-03-2025T11:16:31 - [TEST_STEP][PASSED] - delay(2): Delayed 2 second(s)

13-03-2025T11:16:33 - [MESSAGE][PASSED] - Delayed 2 second(s)

13-03-2025T11:16:33 - [TEST_STEP][PASSED] - click(findTestObject("Object Repository/Page_Sign In/button_Continue")): Object: 'Object Repository/Page_Sign In/button_Continue' is clicked on

13-03-2025T11:16:34 - [MESSAGE][PASSED] - Object: 'Object Repository/Page_Sign In/button_Continue' is clicked on

13-03-2025T11:16:34 - [TEST_STEP][PASSED] - delay(2): Delayed 2 second(s)

13-03-2025T11:16:36 - [MESSAGE][PASSED] - Delayed 2 second(s)

13-03-2025T11:16:36 - [TEST_STEP][PASSED] - enhancedClick(findTestObject("Object Repository/Page_SAP Universal ID/button_I accept all cookies")): Object: 'Object Repository/Page_SAP Universal ID/button_I accept all cookies' is clicked on

13-03-2025T11:16:36 - [MESSAGE][PASSED] - Object: 'Object Repository/Page_SAP Universal ID/button_I accept all cookies' is clicked on

13-03-2025T11:16:36 - [TEST_STEP][PASSED] - delay(2): Delayed 2 second(s)

13-03-2025T11:16:38 - [MESSAGE][PASSED] - Delayed 2 second(s)

13-03-2025T11:16:38 - [TEST_STEP][PASSED] - setEncryptedText(findTestObject("Object Repository/Page_SAP Universal ID/input_pro_password"), "UB7+rfb8H+So++oIaShgEQ=="): Text ****** has been set on object 'Object Repository/Page_SAP Universal ID/input_pro_password'

13-03-2025T11:16:39 - [MESSAGE][PASSED] - Text ****** has been set on object 'Object Repository/Page_SAP Universal ID/input_pro_password'

13-03-2025T11:16:39 - [TEST_STEP][NOT_RUN] - click(findTestObject("Object Repository/Page_SAP Universal ID/button_Sign in_1")): NOT_RUN: click(findTestObject("Object Repository/Page_SAP Universal ID/button_Sign in_1"))

13-03-2025T11:16:39 - [MESSAGE][NOT_RUN] - NOT_RUN: click(findTestObject("Object Repository/Page_SAP Universal ID/button_Sign in_1"))

13-03-2025T11:16:39 - [TEST_STEP][NOT_RUN] - setEncryptedText(findTestObject("Object Repository/Page_SAP Universal ID/input_pro_password"), "UB7+rfb8H+So++oIaShgEQ=="): NOT_RUN: setEncryptedText(findTestObject("Object Repository/Page_SAP Universal ID/input_pro_password"), "UB7+rfb8H+So++oIaShgEQ==")

13-03-2025T11:16:39 - [MESSAGE][NOT_RUN] - NOT_RUN: setEncryptedText(findTestObject("Object Repository/Page_SAP Universal ID/input_pro_password"), "UB7+rfb8H+So++oIaShgEQ==")

13-03-2025T11:16:39 - [TEST_STEP][PASSED] - click(findTestObject("Object Repository/Page_SAP Universal ID/button_Sign in_1")): Object: 'Object Repository/Page_SAP Universal ID/button_Sign in_1' is clicked on

13-03-2025T11:16:39 - [MESSAGE][PASSED] - Object: 'Object Repository/Page_SAP Universal ID/button_Sign in_1' is clicked on

13-03-2025T11:16:39 - [TEST_STEP][PASSED] - delay(4): Delayed 4 second(s)

13-03-2025T11:16:43 - [MESSAGE][PASSED] - Delayed 4 second(s)

13-03-2025T11:16:43 - [TEST_STEP][PASSED] - scrollToElement(findTestObject("Object Repository/Page_Home/div_DM4Mill GR Good Receipts"), 0): Scroll to object 'Object Repository/Page_Home/div_DM4Mill GR Good Receipts' successfully

13-03-2025T11:16:43 - [MESSAGE][WARNING] - Timeout '0' is invalid. Using default page load timeout: '30'

13-03-2025T11:16:51 - [MESSAGE][PASSED] - Scroll to object 'Object Repository/Page_Home/div_DM4Mill GR Good Receipts' successfully

13-03-2025T11:16:51 - [TEST_STEP][PASSED] - click(findTestObject("Object Repository/Page_Home/span_DM4Mill GR")): Object: 'Object Repository/Page_Home/span_DM4Mill GR' is clicked on

13-03-2025T11:16:56 - [MESSAGE][PASSED] - Object: 'Object Repository/Page_Home/span_DM4Mill GR' is clicked on

13-03-2025T11:16:56 - [TEST_STEP][PASSED] - verifyElementPresent(findTestObject("Object Repository/Page_Home/span_DM4Mill GR"), 30): Object 'Object Repository/Page_Home/span_DM4Mill GR' is present

13-03-2025T11:16:58 - [MESSAGE][PASSED] - Object 'Object Repository/Page_Home/span_DM4Mill GR' is present

13-03-2025T11:16:58 - [TEST_STEP][PASSED] - delay(4): Delayed 4 second(s)

13-03-2025T11:17:02 - [MESSAGE][PASSED] - Delayed 4 second(s)

13-03-2025T11:17:02 - [TEST_STEP][PASSED] - enhancedClick(findTestObject("Object Repository/Page_DDE_DM4MILL_GR_FINAL/span_Work Center___xmlview100--reservedComp_9efbcc")): Object: 'Object Repository/Page_DDE_DM4MILL_GR_FINAL/span_Work Center___xmlview100--reservedComp_9efbcc' is clicked on

13-03-2025T11:17:05 - [MESSAGE][PASSED] - Object: 'Object Repository/Page_DDE_DM4MILL_GR_FINAL/span_Work Center___xmlview100--reservedComp_9efbcc' is clicked on

13-03-2025T11:17:05 - [TEST_STEP][PASSED] - setText(findTestObject("Object Repository/Page_DDE_DM4MILL_GR_FINAL/input_Select Work Center___xmlview100--rese_915078"), "43"): Text '43' is set on object 'Object Repository/Page_DDE_DM4MILL_GR_FINAL/input_Select Work Center___xmlview100--rese_915078'

13-03-2025T11:17:07 - [MESSAGE][PASSED] - Text '43' is set on object 'Object Repository/Page_DDE_DM4MILL_GR_FINAL/input_Select Work Center___xmlview100--rese_915078'

13-03-2025T11:17:07 - [TEST_STEP][PASSED] - delay(3): Delayed 3 second(s)

13-03-2025T11:17:10 - [MESSAGE][PASSED] - Delayed 3 second(s)

13-03-2025T11:17:10 - [TEST_STEP][PASSED] - enhancedClick(findTestObject("Object Repository/Page_DDE_DM4MILL_GR_FINAL/div_Clear___xmlview100--reservedComponentCo_b6c65f")): Object: 'Object Repository/Page_DDE_DM4MILL_GR_FINAL/div_Clear___xmlview100--reservedComponentCo_b6c65f' is clicked on

13-03-2025T11:17:10 - [MESSAGE][PASSED] - Object: 'Object Repository/Page_DDE_DM4MILL_GR_FINAL/div_Clear___xmlview100--reservedComponentCo_b6c65f' is clicked on

13-03-2025T11:17:10 - [TEST_STEP][PASSED] - enhancedClick(findTestObject("Object Repository/Page_DDE_DM4MILL_GR_FINAL/bdi_Select")): Object: 'Object Repository/Page_DDE_DM4MILL_GR_FINAL/bdi_Select' is clicked on

13-03-2025T11:17:10 - [MESSAGE][PASSED] - Object: 'Object Repository/Page_DDE_DM4MILL_GR_FINAL/bdi_Select' is clicked on

13-03-2025T11:17:10 - [TEST_STEP][PASSED] - delay(2): Delayed 2 second(s)

13-03-2025T11:17:12 - [MESSAGE][PASSED] - Delayed 2 second(s)

13-03-2025T11:17:12 - [TEST_STEP][PASSED] - setText(findTestObject("Object Repository/Page_DDE_DM4MILL_GR_FINAL/input_Order ID___xmlview100--reservedCompon_66eb78"), orderId): Text '1003344' is set on object 'Object Repository/Page_DDE_DM4MILL_GR_FINAL/input_Order ID___xmlview100--reservedCompon_66eb78'

13-03-2025T11:17:13 - [MESSAGE][PASSED] - Text '1003344' is set on object 'Object Repository/Page_DDE_DM4MILL_GR_FINAL/input_Order ID___xmlview100--reservedCompon_66eb78'

13-03-2025T11:17:13 - [TEST_STEP][PASSED] - enhancedClick(findTestObject("Object Repository/Page_DDE_DM4MILL_GR_FINAL/span_Go")): Object: 'Object Repository/Page_DDE_DM4MILL_GR_FINAL/span_Go' is clicked on

13-03-2025T11:17:14 - [MESSAGE][PASSED] - Object: 'Object Repository/Page_DDE_DM4MILL_GR_FINAL/span_Go' is clicked on

13-03-2025T11:17:14 - [TEST_STEP][PASSED] - click(findTestObject("Object Repository/Page_DDE_DM4MILL_GR_FINAL/td_1003344_1_2")): Object: 'Object Repository/Page_DDE_DM4MILL_GR_FINAL/td_1003344_1_2' is clicked on

13-03-2025T11:17:17 - [MESSAGE][PASSED] - Object: 'Object Repository/Page_DDE_DM4MILL_GR_FINAL/td_1003344_1_2' is clicked on

13-03-2025T11:17:17 - [TEST_STEP][PASSED] - click(findTestObject("Object Repository/Page_DDE_DM4MILL_GR_FINAL/span_Mill Goods Receipt")): Object: 'Object Repository/Page_DDE_DM4MILL_GR_FINAL/span_Mill Goods Receipt' is clicked on

13-03-2025T11:17:20 - [MESSAGE][PASSED] - Object: 'Object Repository/Page_DDE_DM4MILL_GR_FINAL/span_Mill Goods Receipt' is clicked on

13-03-2025T11:17:20 - [TEST_STEP][PASSED] - delay(2): Delayed 2 second(s)

13-03-2025T11:17:22 - [MESSAGE][PASSED] - Delayed 2 second(s)

13-03-2025T11:17:22 - [TEST_STEP][PASSED] - clearText(findTestObject("Object Repository/Page_DDE_DM4MILL_GR_FINAL/input_GR Qty_DETAILSView--icontabfilterCSGX_c763b3"), STOP_ON_FAILURE): Text of object 'Object Repository/Page_DDE_DM4MILL_GR_FINAL/input_GR Qty_DETAILSView--icontabfilterCSGX_c763b3' is cleared

13-03-2025T11:17:22 - [MESSAGE][PASSED] - Text of object 'Object Repository/Page_DDE_DM4MILL_GR_FINAL/input_GR Qty_DETAILSView--icontabfilterCSGX_c763b3' is cleared

13-03-2025T11:17:22 - [TEST_STEP][PASSED] - setText(findTestObject("Object Repository/Page_DDE_DM4MILL_GR_FINAL/input_GR Qty_DETAILSView--icontabfilterCSGX_c763b3"), quantity): Text '1' is set on object 'Object Repository/Page_DDE_DM4MILL_GR_FINAL/input_GR Qty_DETAILSView--icontabfilterCSGX_c763b3'

13-03-2025T11:17:23 - [MESSAGE][PASSED] - Text '1' is set on object 'Object Repository/Page_DDE_DM4MILL_GR_FINAL/input_GR Qty_DETAILSView--icontabfilterCSGX_c763b3'

13-03-2025T11:17:23 - [TEST_STEP][PASSED] - click(findTestObject("Object Repository/Page_DDE_DM4MILL_GR_FINAL/span_Post GR")): Object: 'Object Repository/Page_DDE_DM4MILL_GR_FINAL/span_Post GR' is clicked on

13-03-2025T11:17:24 - [MESSAGE][PASSED] - Object: 'Object Repository/Page_DDE_DM4MILL_GR_FINAL/span_Post GR' is clicked on

13-03-2025T11:17:24 - [TEST_STEP][PASSED] - verifyElementPresent(findTestObject("Object Repository/Page_DDE_DM4MILL_GR_FINAL/span_Plant 1210 ( DDE - Plant )_searchField_91847b"), 30): Object 'Object Repository/Page_DDE_DM4MILL_GR_FINAL/span_Plant 1210 ( DDE - Plant )_searchField_91847b' is present

13-03-2025T11:17:26 - [MESSAGE][PASSED] - Object 'Object Repository/Page_DDE_DM4MILL_GR_FINAL/span_Plant 1210 ( DDE - Plant )_searchField_91847b' is present

13-03-2025T11:17:26 - [TEST_STEP][PASSED] - setText(findTestObject("Object Repository/Page_DDE_DM4MILL_GR_FINAL/input_Plant 1210 ( DDE - Plant )_search"), "Integration Message Dashboard"): Text 'Integration Message Dashboard' is set on object 'Object Repository/Page_DDE_DM4MILL_GR_FINAL/input_Plant 1210 ( DDE - Plant )_search'

13-03-2025T11:17:27 - [MESSAGE][PASSED] - Text 'Integration Message Dashboard' is set on object 'Object Repository/Page_DDE_DM4MILL_GR_FINAL/input_Plant 1210 ( DDE - Plant )_search'

13-03-2025T11:17:28 - [TEST_STEP][PASSED] - sendKeys(findTestObject("Object Repository/Page_Integration Message Dashboard/input_Plant 1210 ( DDE - Plant )_search"), Keys.chord(ENTER)): Keys 'ENTER + ' sent to object: 'Object Repository/Page_Integration Message Dashboard/input_Plant 1210 ( DDE - Plant )_search'

13-03-2025T11:17:29 - [MESSAGE][PASSED] - Keys 'ENTER + ' sent to object: 'Object Repository/Page_Integration Message Dashboard/input_Plant 1210 ( DDE - Plant )_search'

13-03-2025T11:17:29 - [TEST_STEP][PASSED] - delay(2): Delayed 2 second(s)

13-03-2025T11:17:31 - [MESSAGE][PASSED] - Delayed 2 second(s)

13-03-2025T11:17:31 - [TEST_STEP][PASSED] - click(findTestObject("Object Repository/Page_Search for Integration Message dashboa_230a0e/div_Integration Message Dashboard")): Object: 'Object Repository/Page_Search for Integration Message dashboa_230a0e/div_Integration Message Dashboard' is clicked on

13-03-2025T11:17:32 - [MESSAGE][PASSED] - Object: 'Object Repository/Page_Search for Integration Message dashboa_230a0e/div_Integration Message Dashboard' is clicked on

13-03-2025T11:17:34 - [TEST_STEP][PASSED] - Video: Video recording for test case 'Test Cases/DM4MILL - Goods Receipts' .

13-03-2025T11:17:34 - [MESSAGE][INFO] - Video recording for test case 'Test Cases/DM4MILL - Goods Receipts' .]]></system-out>
         <system-err><![CDATA[]]></system-err>
      </testcase>
      <system-out><![CDATA[13-03-2025T11:16:24 - [TEST_SUITE][PASSED] - TS02 - DM4MILL - GR: Test Cases/DM4MILL - Goods Receipts]]></system-out>
      <system-err><![CDATA[]]></system-err>
   </testsuite>
</testsuites>
