<?xml version="1.0" encoding="UTF-8"?>
<testsuites name="Katalon Studio - TS02 - DM4MILL - GR" time="74.941" tests="1" failures="0" errors="0">
   <testsuite name="Katalon Studio - TS02 - DM4MILL - GR" tests="1" failures="0" errors="0" time="74.941" skipped="0" timestamp="24-03-2025T15:19:29" hostname="hostej - DCI5CG4401B3V.gsinet.be" id="Test Suites/Katalon Studio - TS02 - DM4MILL - GR">
      <properties>
         <property name="deviceName" value=""/>
         <property name="devicePlatform"/>
         <property name="logFolder" value="C:\\Users\\hostej\\OneDrive - delaware\\Documents\\GitHub\\DM4MILL\\Reports\\20250324_151902\\Katalon Studio - TS02 - DM4MILL - GR\\20250324_151902"/>
         <property name="logFiles" value="C:\\Users\\hostej\\OneDrive - delaware\\Documents\\GitHub\\DM4MILL\\Reports\\20250324_151902\\Katalon Studio - TS02 - DM4MILL - GR\\20250324_151902\\execution0.log"/>
         <property name="attachments" value=""/>
         <property name="hostName" value="hostej - DCI5CG4401B3V.gsinet.be"/>
         <property name="os" value="Windows 11 64bit"/>
         <property name="katalonVersion" value="10.1.0.223"/>
         <property name="browser" value="Chrome 134.0.6998.118"/>
         <property name="hostAddress" value="172.17.76.219"/>
         <property name="sessionId" value="e3ad3b413af71697de7365f3d8c05ced"/>
         <property name="seleniumVersion" value="4.22.0"/>
         <property name="proxyInformation" value="ProxyInformation { proxyOption=NO_PROXY, proxyServerType=HTTP, username=, password=********, proxyServerAddress=, proxyServerPort=0, executionList=&quot;&quot;, isApplyToDesiredCapabilities=true }"/>
         <property name="platform" value="Windows 11"/>
      </properties>
      <testcase name="Test Cases/DM4MILL - Goods Receipts" time="74.498" classname="Test Cases/DM4MILL - Goods Receipts" status="PASSED">
         <properties>
            <property name="data_binding"><![CDATA[{"(Default) usern...":"julie.hoste@delaware.pro","(Default) quant...":"1","(Default) passw...":"cpQSwhp1!0109","(Default) order...":"1003344"}]]></property>
         </properties>
         <system-out><![CDATA[24-03-2025T15:19:30 - [TEST_CASE][PASSED] - Test Cases/DM4MILL - Goods Receipts: Test Cases/DM4MILL - Goods Receipts

24-03-2025T15:19:30 - [TEST_STEP][PASSED] - openBrowser("https://dlwr-dmc-discovery.execution.us10-quality.web.dmc.cloud.sap/cp.portal/site#Shell-home"): Browser is opened with url: 'https://dlwr-dmc-discovery.execution.us10-quality.web.dmc.cloud.sap/cp.portal/site#Shell-home'

24-03-2025T15:19:31 - [MESSAGE][INFO] - Starting 'Chrome' driver

24-03-2025T15:19:31 - [MESSAGE][INFO] - User set preference: ['args', '[	--window-size=1500,1000, --remote-allow-origins=*]']

24-03-2025T15:19:31 - [MESSAGE][INFO] - Action delay is set to 0 milliseconds

24-03-2025T15:19:34 - [MESSAGE][WARNING] - FFmpeg was not installed! Browser Recording will be disabled. Please follow this document to install FFmpeg first: https://docs.katalon.com/katalon-studio/docs/screenshots-videos.html#browser-based-recorder

24-03-2025T15:19:35 - [MESSAGE][PASSED] - Browser is opened with url: 'https://dlwr-dmc-discovery.execution.us10-quality.web.dmc.cloud.sap/cp.portal/site#Shell-home'

24-03-2025T15:19:35 - [TEST_STEP][PASSED] - maximizeWindow(): Current window maximized

24-03-2025T15:19:36 - [MESSAGE][PASSED] - Current window maximized

24-03-2025T15:19:36 - [TEST_STEP][PASSED] - enhancedClick(findTestObject("Object Repository/Page_Login/a_Default Identity Provider")): Object: 'Object Repository/Page_Login/a_Default Identity Provider' is clicked on

24-03-2025T15:19:37 - [MESSAGE][PASSED] - Object: 'Object Repository/Page_Login/a_Default Identity Provider' is clicked on

24-03-2025T15:19:37 - [TEST_STEP][PASSED] - setText(findTestObject("Object Repository/Page_Sign In/input_Email or User Name_j_username"), username): Text 'julie.hoste@delaware.pro' is set on object 'Object Repository/Page_Sign In/input_Email or User Name_j_username'

24-03-2025T15:19:38 - [MESSAGE][PASSED] - Text 'julie.hoste@delaware.pro' is set on object 'Object Repository/Page_Sign In/input_Email or User Name_j_username'

24-03-2025T15:19:38 - [TEST_STEP][PASSED] - delay(2): Delayed 2 second(s)

24-03-2025T15:19:40 - [MESSAGE][PASSED] - Delayed 2 second(s)

24-03-2025T15:19:40 - [TEST_STEP][PASSED] - click(findTestObject("Object Repository/Page_Sign In/button_Continue")): Object: 'Object Repository/Page_Sign In/button_Continue' is clicked on

24-03-2025T15:19:40 - [MESSAGE][PASSED] - Object: 'Object Repository/Page_Sign In/button_Continue' is clicked on

24-03-2025T15:19:40 - [TEST_STEP][PASSED] - delay(2): Delayed 2 second(s)

24-03-2025T15:19:42 - [MESSAGE][PASSED] - Delayed 2 second(s)

24-03-2025T15:19:42 - [TEST_STEP][PASSED] - enhancedClick(findTestObject("Object Repository/Page_SAP Universal ID/button_I accept all cookies")): Object: 'Object Repository/Page_SAP Universal ID/button_I accept all cookies' is clicked on

24-03-2025T15:19:43 - [MESSAGE][PASSED] - Object: 'Object Repository/Page_SAP Universal ID/button_I accept all cookies' is clicked on

24-03-2025T15:19:43 - [TEST_STEP][PASSED] - delay(2): Delayed 2 second(s)

24-03-2025T15:19:45 - [MESSAGE][PASSED] - Delayed 2 second(s)

24-03-2025T15:19:45 - [TEST_STEP][PASSED] - setEncryptedText(findTestObject("Object Repository/Page_SAP Universal ID/input_pro_password"), "UB7+rfb8H+So++oIaShgEQ=="): Text ****** has been set on object 'Object Repository/Page_SAP Universal ID/input_pro_password'

24-03-2025T15:19:45 - [MESSAGE][PASSED] - Text ****** has been set on object 'Object Repository/Page_SAP Universal ID/input_pro_password'

24-03-2025T15:19:45 - [TEST_STEP][PASSED] - click(findTestObject("Object Repository/Page_SAP Universal ID/button_Sign in_1")): Object: 'Object Repository/Page_SAP Universal ID/button_Sign in_1' is clicked on

24-03-2025T15:19:46 - [MESSAGE][PASSED] - Object: 'Object Repository/Page_SAP Universal ID/button_Sign in_1' is clicked on

24-03-2025T15:19:46 - [TEST_STEP][PASSED] - delay(4): Delayed 4 second(s)

24-03-2025T15:19:50 - [MESSAGE][PASSED] - Delayed 4 second(s)

24-03-2025T15:19:50 - [TEST_STEP][PASSED] - scrollToElement(findTestObject("Object Repository/Page_Home/div_DM4Mill GR Good Receipts"), 0): Scroll to object 'Object Repository/Page_Home/div_DM4Mill GR Good Receipts' successfully

24-03-2025T15:19:50 - [MESSAGE][WARNING] - Timeout '0' is invalid. Using default page load timeout: '30'

24-03-2025T15:19:59 - [MESSAGE][PASSED] - Scroll to object 'Object Repository/Page_Home/div_DM4Mill GR Good Receipts' successfully

24-03-2025T15:19:59 - [TEST_STEP][PASSED] - click(findTestObject("Object Repository/Page_Home/span_DM4Mill GR")): Object: 'Object Repository/Page_Home/span_DM4Mill GR' is clicked on

24-03-2025T15:20:01 - [MESSAGE][PASSED] - Object: 'Object Repository/Page_Home/span_DM4Mill GR' is clicked on

24-03-2025T15:20:01 - [TEST_STEP][PASSED] - verifyElementPresent(findTestObject("Object Repository/Page_Home/span_DM4Mill GR"), 30): Object 'Object Repository/Page_Home/span_DM4Mill GR' is present

24-03-2025T15:20:04 - [MESSAGE][PASSED] - Object 'Object Repository/Page_Home/span_DM4Mill GR' is present

24-03-2025T15:20:04 - [TEST_STEP][PASSED] - delay(4): Delayed 4 second(s)

24-03-2025T15:20:08 - [MESSAGE][PASSED] - Delayed 4 second(s)

24-03-2025T15:20:08 - [TEST_STEP][PASSED] - enhancedClick(findTestObject("Object Repository/Page_DDE_DM4MILL_GR_FINAL/span_Work Center___xmlview100--reservedComp_9efbcc")): Object: 'Object Repository/Page_DDE_DM4MILL_GR_FINAL/span_Work Center___xmlview100--reservedComp_9efbcc' is clicked on

24-03-2025T15:20:15 - [MESSAGE][PASSED] - Object: 'Object Repository/Page_DDE_DM4MILL_GR_FINAL/span_Work Center___xmlview100--reservedComp_9efbcc' is clicked on

24-03-2025T15:20:15 - [TEST_STEP][PASSED] - setText(findTestObject("Object Repository/Page_DDE_DM4MILL_GR_FINAL/input_Select Work Center___xmlview100--rese_915078"), "43"): Text '43' is set on object 'Object Repository/Page_DDE_DM4MILL_GR_FINAL/input_Select Work Center___xmlview100--rese_915078'

24-03-2025T15:20:16 - [MESSAGE][PASSED] - Text '43' is set on object 'Object Repository/Page_DDE_DM4MILL_GR_FINAL/input_Select Work Center___xmlview100--rese_915078'

24-03-2025T15:20:16 - [TEST_STEP][PASSED] - delay(1): Delayed 1 second(s)

24-03-2025T15:20:17 - [MESSAGE][PASSED] - Delayed 1 second(s)

24-03-2025T15:20:17 - [TEST_STEP][PASSED] - enhancedClick(findTestObject("Object Repository/Page_DDE_DM4MILL_GR_FINAL/div_Clear___xmlview100--reservedComponentCo_b6c65f")): Object: 'Object Repository/Page_DDE_DM4MILL_GR_FINAL/div_Clear___xmlview100--reservedComponentCo_b6c65f' is clicked on

24-03-2025T15:20:18 - [MESSAGE][PASSED] - Object: 'Object Repository/Page_DDE_DM4MILL_GR_FINAL/div_Clear___xmlview100--reservedComponentCo_b6c65f' is clicked on

24-03-2025T15:20:18 - [TEST_STEP][PASSED] - enhancedClick(findTestObject("Object Repository/Page_DDE_DM4MILL_GR_FINAL/bdi_Select")): Object: 'Object Repository/Page_DDE_DM4MILL_GR_FINAL/bdi_Select' is clicked on

24-03-2025T15:20:19 - [MESSAGE][PASSED] - Object: 'Object Repository/Page_DDE_DM4MILL_GR_FINAL/bdi_Select' is clicked on

24-03-2025T15:20:19 - [TEST_STEP][PASSED] - delay(2): Delayed 2 second(s)

24-03-2025T15:20:21 - [MESSAGE][PASSED] - Delayed 2 second(s)

24-03-2025T15:20:21 - [TEST_STEP][PASSED] - setText(findTestObject("Object Repository/Page_DDE_DM4MILL_GR_FINAL/input_Order ID___xmlview100--reservedCompon_66eb78"), orderId): Text '1003344' is set on object 'Object Repository/Page_DDE_DM4MILL_GR_FINAL/input_Order ID___xmlview100--reservedCompon_66eb78'

24-03-2025T15:20:21 - [MESSAGE][PASSED] - Text '1003344' is set on object 'Object Repository/Page_DDE_DM4MILL_GR_FINAL/input_Order ID___xmlview100--reservedCompon_66eb78'

24-03-2025T15:20:21 - [TEST_STEP][PASSED] - enhancedClick(findTestObject("Object Repository/Page_DDE_DM4MILL_GR_FINAL/span_Go")): Object: 'Object Repository/Page_DDE_DM4MILL_GR_FINAL/span_Go' is clicked on

24-03-2025T15:20:22 - [MESSAGE][PASSED] - Object: 'Object Repository/Page_DDE_DM4MILL_GR_FINAL/span_Go' is clicked on

24-03-2025T15:20:22 - [TEST_STEP][PASSED] - click(findTestObject("Object Repository/Page_DDE_DM4MILL_GR_FINAL/td_1003344_1_2")): Object: 'Object Repository/Page_DDE_DM4MILL_GR_FINAL/td_1003344_1_2' is clicked on

24-03-2025T15:20:25 - [MESSAGE][PASSED] - Object: 'Object Repository/Page_DDE_DM4MILL_GR_FINAL/td_1003344_1_2' is clicked on

24-03-2025T15:20:25 - [TEST_STEP][PASSED] - click(findTestObject("Object Repository/Page_DDE_DM4MILL_GR_FINAL/span_Mill Goods Receipt")): Object: 'Object Repository/Page_DDE_DM4MILL_GR_FINAL/span_Mill Goods Receipt' is clicked on

24-03-2025T15:20:28 - [MESSAGE][PASSED] - Object: 'Object Repository/Page_DDE_DM4MILL_GR_FINAL/span_Mill Goods Receipt' is clicked on

24-03-2025T15:20:28 - [TEST_STEP][PASSED] - delay(2): Delayed 2 second(s)

24-03-2025T15:20:30 - [MESSAGE][PASSED] - Delayed 2 second(s)

24-03-2025T15:20:30 - [TEST_STEP][PASSED] - clearText(findTestObject("Object Repository/Page_DDE_DM4MILL_GR_FINAL/input_GR Qty_DETAILSView--icontabfilterCSGX_c763b3")): Text of object 'Object Repository/Page_DDE_DM4MILL_GR_FINAL/input_GR Qty_DETAILSView--icontabfilterCSGX_c763b3' is cleared

24-03-2025T15:20:31 - [MESSAGE][PASSED] - Text of object 'Object Repository/Page_DDE_DM4MILL_GR_FINAL/input_GR Qty_DETAILSView--icontabfilterCSGX_c763b3' is cleared

24-03-2025T15:20:31 - [TEST_STEP][PASSED] - setText(findTestObject("Object Repository/Page_DDE_DM4MILL_GR_FINAL/input_GR Qty_DETAILSView--icontabfilterCSGX_c763b3"), quantity): Text '1' is set on object 'Object Repository/Page_DDE_DM4MILL_GR_FINAL/input_GR Qty_DETAILSView--icontabfilterCSGX_c763b3'

24-03-2025T15:20:32 - [MESSAGE][PASSED] - Text '1' is set on object 'Object Repository/Page_DDE_DM4MILL_GR_FINAL/input_GR Qty_DETAILSView--icontabfilterCSGX_c763b3'

24-03-2025T15:20:32 - [TEST_STEP][PASSED] - click(findTestObject("Object Repository/Page_DDE_DM4MILL_GR_FINAL/span_Post GR")): Object: 'Object Repository/Page_DDE_DM4MILL_GR_FINAL/span_Post GR' is clicked on

24-03-2025T15:20:32 - [MESSAGE][PASSED] - Object: 'Object Repository/Page_DDE_DM4MILL_GR_FINAL/span_Post GR' is clicked on

24-03-2025T15:20:32 - [TEST_STEP][PASSED] - verifyElementVisible(findTestObject("Object Repository/Page_DDE_DM4MILL_GR_FINAL/div_Quantity Confirmed Successfully")): Object 'Object Repository/Page_DDE_DM4MILL_GR_FINAL/div_Quantity Confirmed Successfully' is visible

24-03-2025T15:20:34 - [MESSAGE][PASSED] - Object 'Object Repository/Page_DDE_DM4MILL_GR_FINAL/div_Quantity Confirmed Successfully' is visible

24-03-2025T15:20:34 - [TEST_STEP][PASSED] - verifyElementPresent(findTestObject("Object Repository/Page_DDE_DM4MILL_GR_FINAL/span_Plant 1210 ( DDE - Plant )_searchField_91847b"), 30): Object 'Object Repository/Page_DDE_DM4MILL_GR_FINAL/span_Plant 1210 ( DDE - Plant )_searchField_91847b' is present

24-03-2025T15:20:35 - [MESSAGE][PASSED] - Object 'Object Repository/Page_DDE_DM4MILL_GR_FINAL/span_Plant 1210 ( DDE - Plant )_searchField_91847b' is present

24-03-2025T15:20:35 - [TEST_STEP][PASSED] - setText(findTestObject("Object Repository/Page_DDE_DM4MILL_GR_FINAL/input_Plant 1210 ( DDE - Plant )_search"), "Integration Message Dashboard"): Text 'Integration Message Dashboard' is set on object 'Object Repository/Page_DDE_DM4MILL_GR_FINAL/input_Plant 1210 ( DDE - Plant )_search'

24-03-2025T15:20:35 - [MESSAGE][PASSED] - Text 'Integration Message Dashboard' is set on object 'Object Repository/Page_DDE_DM4MILL_GR_FINAL/input_Plant 1210 ( DDE - Plant )_search'

24-03-2025T15:20:36 - [TEST_STEP][PASSED] - sendKeys(findTestObject("Object Repository/Page_Integration Message Dashboard/input_Plant 1210 ( DDE - Plant )_search"), Keys.chord(ENTER)): Keys 'ENTER + ' sent to object: 'Object Repository/Page_Integration Message Dashboard/input_Plant 1210 ( DDE - Plant )_search'

24-03-2025T15:20:36 - [MESSAGE][PASSED] - Keys 'ENTER + ' sent to object: 'Object Repository/Page_Integration Message Dashboard/input_Plant 1210 ( DDE - Plant )_search'

24-03-2025T15:20:36 - [TEST_STEP][PASSED] - delay(2): Delayed 2 second(s)

24-03-2025T15:20:38 - [MESSAGE][PASSED] - Delayed 2 second(s)

24-03-2025T15:20:39 - [TEST_STEP][PASSED] - click(findTestObject("Object Repository/Page_Search for Integration Message dashboa_230a0e/div_Integration Message Dashboard")): Object: 'Object Repository/Page_Search for Integration Message dashboa_230a0e/div_Integration Message Dashboard' is clicked on

24-03-2025T15:20:39 - [MESSAGE][PASSED] - Object: 'Object Repository/Page_Search for Integration Message dashboa_230a0e/div_Integration Message Dashboard' is clicked on

24-03-2025T15:20:39 - [TEST_STEP][PASSED] - delay(2): Delayed 2 second(s)

24-03-2025T15:20:41 - [MESSAGE][PASSED] - Delayed 2 second(s)

24-03-2025T15:20:41 - [TEST_STEP][PASSED] - verifyElementPresent(findTestObject("Object Repository/Page_Integration Message Dashboard/div_StandardSelect ViewExpand Header"), 30): Object 'Object Repository/Page_Integration Message Dashboard/div_StandardSelect ViewExpand Header' is present

24-03-2025T15:20:44 - [MESSAGE][PASSED] - Object 'Object Repository/Page_Integration Message Dashboard/div_StandardSelect ViewExpand Header' is present]]></system-out>
         <system-err><![CDATA[]]></system-err>
      </testcase>
      <system-out><![CDATA[24-03-2025T15:19:29 - [TEST_SUITE][PASSED] - Katalon Studio - TS02 - DM4MILL - GR: Test Cases/DM4MILL - Goods Receipts]]></system-out>
      <system-err><![CDATA[]]></system-err>
   </testsuite>
</testsuites>
